C:\USERS\JOHNK\DOCUMENTS\VISUAL STUDIO 2012\PROJECTS\ARRAY\ARRAY\DEBUG\MAIN.OBJ
C:\USERS\JOHNK\DOCUMENTS\VISUAL STUDIO 2012\PROJECTS\ARRAY\ARRAY\DEBUG\VC110.PDB
C:\USERS\JOHNK\DOCUMENTS\VISUAL STUDIO 2012\PROJECTS\ARRAY\DEBUG\ARRAY.ILK
C:\USERS\JOHNK\DOCUMENTS\VISUAL STUDIO 2012\PROJECTS\ARRAY\DEBUG\ARRAY.EXE
C:\USERS\JOHNK\DOCUMENTS\VISUAL STUDIO 2012\PROJECTS\ARRAY\DEBUG\ARRAY.PDB
C:\Users\johnk\documents\visual studio 2012\Projects\Array\Array\Debug\main.obj
C:\Users\johnk\documents\visual studio 2012\Projects\Array\Array\Debug\cl.command.1.tlog
C:\Users\johnk\documents\visual studio 2012\Projects\Array\Array\Debug\CL.read.1.tlog
C:\Users\johnk\documents\visual studio 2012\Projects\Array\Array\Debug\CL.write.1.tlog
C:\Users\johnk\documents\visual studio 2012\Projects\Array\Array\Debug\link-cvtres.read.1.tlog
C:\Users\johnk\documents\visual studio 2012\Projects\Array\Array\Debug\link-cvtres.write.1.tlog
C:\Users\johnk\documents\visual studio 2012\Projects\Array\Array\Debug\link-rc.read.1.tlog
C:\Users\johnk\documents\visual studio 2012\Projects\Array\Array\Debug\link-rc.write.1.tlog
C:\Users\johnk\documents\visual studio 2012\Projects\Array\Array\Debug\link.command.1.tlog
C:\Users\johnk\documents\visual studio 2012\Projects\Array\Array\Debug\link.read.1.tlog
C:\Users\johnk\documents\visual studio 2012\Projects\Array\Array\Debug\link.write.1.tlog
C:\Users\johnk\documents\visual studio 2012\Projects\Array\Array\Debug\vc110.idb
C:\Users\johnk\documents\visual studio 2012\Projects\Array\Array\Debug\vc110.pdb
C:\Users\johnk\documents\visual studio 2012\Projects\Array\Debug\Array.pdb
C:\Users\johnk\documents\visual studio 2012\Projects\Array\Debug\Array.exe
C:\Users\johnk\documents\visual studio 2012\Projects\Array\Debug\Array.ilk
